{"/Users/darrianbelcher/Desktop/darrian-wellness-app/src/firebase.js": {"path":"/Users/darrianbelcher/Desktop/darrian-wellness-app/src/firebase.js","all":false,"statementMap":{"0":{"start":{"line":1,"column":0},"end":{"line":1,"column":77}},"1":{"start":{"line":2,"column":0},"end":{"line":2,"column":78}},"2":{"start":{"line":3,"column":0},"end":{"line":3,"column":48}},"3":{"start":{"line":4,"column":0},"end":{"line":4,"column":54}},"5":{"start":{"line":6,"column":0},"end":{"line":6,"column":54}},"6":{"start":{"line":7,"column":0},"end":{"line":7,"column":63}},"7":{"start":{"line":8,"column":0},"end":{"line":8,"column":82}},"9":{"start":{"line":10,"column":0},"end":{"line":10,"column":40}},"10":{"start":{"line":11,"column":0},"end":{"line":11,"column":38}},"12":{"start":{"line":13,"column":0},"end":{"line":13,"column":33}},"13":{"start":{"line":14,"column":0},"end":{"line":14,"column":33}},"15":{"start":{"line":16,"column":0},"end":{"line":16,"column":62}},"16":{"start":{"line":17,"column":0},"end":{"line":17,"column":31}},"17":{"start":{"line":18,"column":0},"end":{"line":18,"column":104}},"18":{"start":{"line":19,"column":0},"end":{"line":19,"column":1}},"19":{"start":{"line":20,"column":0},"end":{"line":20,"column":26}},"20":{"start":{"line":21,"column":0},"end":{"line":21,"column":65}},"21":{"start":{"line":22,"column":0},"end":{"line":22,"column":1}},"23":{"start":{"line":24,"column":0},"end":{"line":24,"column":27}},"24":{"start":{"line":25,"column":0},"end":{"line":25,"column":97}},"25":{"start":{"line":26,"column":0},"end":{"line":26,"column":69}},"26":{"start":{"line":27,"column":0},"end":{"line":27,"column":25}},"27":{"start":{"line":28,"column":0},"end":{"line":28,"column":1}},"29":{"start":{"line":30,"column":0},"end":{"line":30,"column":32}},"30":{"start":{"line":31,"column":0},"end":{"line":31,"column":37}},"31":{"start":{"line":32,"column":0},"end":{"line":32,"column":18}},"32":{"start":{"line":33,"column":0},"end":{"line":33,"column":21}},"33":{"start":{"line":34,"column":0},"end":{"line":34,"column":31}},"34":{"start":{"line":35,"column":0},"end":{"line":35,"column":4}},"35":{"start":{"line":36,"column":0},"end":{"line":36,"column":70}},"36":{"start":{"line":37,"column":0},"end":{"line":37,"column":1}},"38":{"start":{"line":39,"column":0},"end":{"line":39,"column":62}},"40":{"start":{"line":41,"column":0},"end":{"line":41,"column":37}},"41":{"start":{"line":42,"column":0},"end":{"line":42,"column":7}},"42":{"start":{"line":43,"column":0},"end":{"line":43,"column":33}},"43":{"start":{"line":44,"column":0},"end":{"line":44,"column":70}},"44":{"start":{"line":45,"column":0},"end":{"line":45,"column":107}},"45":{"start":{"line":46,"column":0},"end":{"line":46,"column":58}},"46":{"start":{"line":47,"column":0},"end":{"line":47,"column":15}},"47":{"start":{"line":48,"column":0},"end":{"line":48,"column":15}},"48":{"start":{"line":49,"column":0},"end":{"line":49,"column":78}},"49":{"start":{"line":50,"column":0},"end":{"line":50,"column":35}},"50":{"start":{"line":51,"column":0},"end":{"line":51,"column":3}},"51":{"start":{"line":52,"column":0},"end":{"line":52,"column":1}},"53":{"start":{"line":54,"column":0},"end":{"line":54,"column":44}},"54":{"start":{"line":55,"column":0},"end":{"line":55,"column":84}},"56":{"start":{"line":57,"column":0},"end":{"line":57,"column":28}},"57":{"start":{"line":58,"column":0},"end":{"line":58,"column":41}},"58":{"start":{"line":59,"column":0},"end":{"line":59,"column":54}},"60":{"start":{"line":61,"column":0},"end":{"line":61,"column":7}},"61":{"start":{"line":62,"column":0},"end":{"line":62,"column":36}},"62":{"start":{"line":63,"column":0},"end":{"line":63,"column":45}},"63":{"start":{"line":64,"column":0},"end":{"line":64,"column":40}},"64":{"start":{"line":65,"column":0},"end":{"line":65,"column":28}},"65":{"start":{"line":66,"column":0},"end":{"line":66,"column":15}},"66":{"start":{"line":67,"column":0},"end":{"line":67,"column":86}},"67":{"start":{"line":68,"column":0},"end":{"line":68,"column":3}},"69":{"start":{"line":70,"column":0},"end":{"line":70,"column":15}},"70":{"start":{"line":71,"column":0},"end":{"line":71,"column":1}},"72":{"start":{"line":73,"column":0},"end":{"line":73,"column":62}},"74":{"start":{"line":75,"column":0},"end":{"line":75,"column":37}},"75":{"start":{"line":76,"column":0},"end":{"line":76,"column":7}},"76":{"start":{"line":77,"column":0},"end":{"line":77,"column":33}},"77":{"start":{"line":78,"column":0},"end":{"line":78,"column":42}},"78":{"start":{"line":79,"column":0},"end":{"line":79,"column":82}},"79":{"start":{"line":80,"column":0},"end":{"line":80,"column":19}},"80":{"start":{"line":81,"column":0},"end":{"line":81,"column":15}},"81":{"start":{"line":82,"column":0},"end":{"line":82,"column":74}},"82":{"start":{"line":83,"column":0},"end":{"line":83,"column":37}},"83":{"start":{"line":84,"column":0},"end":{"line":84,"column":3}},"84":{"start":{"line":85,"column":0},"end":{"line":85,"column":1}},"86":{"start":{"line":87,"column":0},"end":{"line":87,"column":43}},"87":{"start":{"line":88,"column":0},"end":{"line":88,"column":92}},"88":{"start":{"line":89,"column":0},"end":{"line":89,"column":88}},"90":{"start":{"line":91,"column":0},"end":{"line":91,"column":7}},"91":{"start":{"line":92,"column":0},"end":{"line":92,"column":36}},"92":{"start":{"line":93,"column":0},"end":{"line":93,"column":35}},"93":{"start":{"line":94,"column":0},"end":{"line":94,"column":28}},"94":{"start":{"line":95,"column":0},"end":{"line":95,"column":15}},"95":{"start":{"line":96,"column":0},"end":{"line":96,"column":75}},"96":{"start":{"line":97,"column":0},"end":{"line":97,"column":3}},"97":{"start":{"line":98,"column":0},"end":{"line":98,"column":1}}},"s":{"0":1,"1":1,"2":1,"3":1,"5":1,"6":1,"7":1,"9":1,"10":1,"12":1,"13":1,"15":1,"16":6,"17":6,"18":6,"19":7,"20":7,"21":7,"23":12,"24":12,"25":12,"26":9,"27":9,"29":5,"30":5,"31":5,"32":5,"33":5,"34":5,"35":5,"36":5,"38":1,"40":1,"41":4,"42":4,"43":4,"44":2,"45":2,"46":2,"47":2,"48":2,"49":2,"50":2,"51":4,"53":1,"54":3,"56":3,"57":3,"58":3,"60":3,"61":3,"62":3,"63":3,"64":3,"65":3,"66":1,"67":1,"69":3,"70":3,"72":1,"74":1,"75":3,"76":3,"77":3,"78":3,"79":3,"80":3,"81":1,"82":1,"83":1,"84":3,"86":1,"87":2,"88":2,"90":2,"91":2,"92":2,"93":2,"94":2,"95":0,"96":0,"97":2},"branchMap":{"0":{"type":"branch","line":11,"loc":{"start":{"line":11,"column":28},"end":{"line":11,"column":38}},"locations":[{"start":{"line":11,"column":28},"end":{"line":11,"column":38}}]},"1":{"type":"branch","line":17,"loc":{"start":{"line":17,"column":0},"end":{"line":19,"column":1}},"locations":[{"start":{"line":17,"column":0},"end":{"line":19,"column":1}}]},"2":{"type":"branch","line":18,"loc":{"start":{"line":18,"column":52},"end":{"line":18,"column":63}},"locations":[{"start":{"line":18,"column":52},"end":{"line":18,"column":63}}]},"3":{"type":"branch","line":18,"loc":{"start":{"line":18,"column":67},"end":{"line":18,"column":104}},"locations":[{"start":{"line":18,"column":67},"end":{"line":18,"column":104}}]},"4":{"type":"branch","line":20,"loc":{"start":{"line":20,"column":0},"end":{"line":22,"column":1}},"locations":[{"start":{"line":20,"column":0},"end":{"line":22,"column":1}}]},"5":{"type":"branch","line":21,"loc":{"start":{"line":21,"column":57},"end":{"line":21,"column":65}},"locations":[{"start":{"line":21,"column":57},"end":{"line":21,"column":65}}]},"6":{"type":"branch","line":24,"loc":{"start":{"line":24,"column":0},"end":{"line":28,"column":1}},"locations":[{"start":{"line":24,"column":0},"end":{"line":28,"column":1}}]},"7":{"type":"branch","line":25,"loc":{"start":{"line":25,"column":96},"end":{"line":26,"column":15}},"locations":[{"start":{"line":25,"column":96},"end":{"line":26,"column":15}}]},"8":{"type":"branch","line":26,"loc":{"start":{"line":26,"column":15},"end":{"line":26,"column":69}},"locations":[{"start":{"line":26,"column":15},"end":{"line":26,"column":69}}]},"9":{"type":"branch","line":26,"loc":{"start":{"line":26,"column":68},"end":{"line":28,"column":1}},"locations":[{"start":{"line":26,"column":68},"end":{"line":28,"column":1}}]},"10":{"type":"branch","line":30,"loc":{"start":{"line":30,"column":0},"end":{"line":37,"column":1}},"locations":[{"start":{"line":30,"column":0},"end":{"line":37,"column":1}}]},"11":{"type":"branch","line":36,"loc":{"start":{"line":36,"column":15},"end":{"line":36,"column":70}},"locations":[{"start":{"line":36,"column":15},"end":{"line":36,"column":70}}]},"12":{"type":"branch","line":41,"loc":{"start":{"line":41,"column":7},"end":{"line":52,"column":1}},"locations":[{"start":{"line":41,"column":7},"end":{"line":52,"column":1}}]},"13":{"type":"branch","line":43,"loc":{"start":{"line":43,"column":32},"end":{"line":44,"column":59}},"locations":[{"start":{"line":43,"column":32},"end":{"line":44,"column":59}}]},"14":{"type":"branch","line":44,"loc":{"start":{"line":44,"column":61},"end":{"line":44,"column":70}},"locations":[{"start":{"line":44,"column":61},"end":{"line":44,"column":70}}]},"15":{"type":"branch","line":44,"loc":{"start":{"line":44,"column":69},"end":{"line":51,"column":3}},"locations":[{"start":{"line":44,"column":69},"end":{"line":51,"column":3}}]},"16":{"type":"branch","line":45,"loc":{"start":{"line":45,"column":51},"end":{"line":45,"column":106}},"locations":[{"start":{"line":45,"column":51},"end":{"line":45,"column":106}}]},"17":{"type":"branch","line":54,"loc":{"start":{"line":54,"column":7},"end":{"line":71,"column":1}},"locations":[{"start":{"line":54,"column":7},"end":{"line":71,"column":1}}]},"18":{"type":"branch","line":63,"loc":{"start":{"line":63,"column":40},"end":{"line":63,"column":45}},"locations":[{"start":{"line":63,"column":40},"end":{"line":63,"column":45}}]},"19":{"type":"branch","line":65,"loc":{"start":{"line":65,"column":27},"end":{"line":66,"column":4}},"locations":[{"start":{"line":65,"column":27},"end":{"line":66,"column":4}}]},"20":{"type":"branch","line":66,"loc":{"start":{"line":66,"column":4},"end":{"line":68,"column":3}},"locations":[{"start":{"line":66,"column":4},"end":{"line":68,"column":3}}]},"21":{"type":"branch","line":75,"loc":{"start":{"line":75,"column":7},"end":{"line":85,"column":1}},"locations":[{"start":{"line":75,"column":7},"end":{"line":85,"column":1}}]},"22":{"type":"branch","line":77,"loc":{"start":{"line":77,"column":32},"end":{"line":78,"column":35}},"locations":[{"start":{"line":77,"column":32},"end":{"line":78,"column":35}}]},"23":{"type":"branch","line":78,"loc":{"start":{"line":78,"column":35},"end":{"line":78,"column":42}},"locations":[{"start":{"line":78,"column":35},"end":{"line":78,"column":42}}]},"24":{"type":"branch","line":79,"loc":{"start":{"line":79,"column":13},"end":{"line":79,"column":43}},"locations":[{"start":{"line":79,"column":13},"end":{"line":79,"column":43}}]},"25":{"type":"branch","line":79,"loc":{"start":{"line":79,"column":44},"end":{"line":79,"column":82}},"locations":[{"start":{"line":79,"column":44},"end":{"line":79,"column":82}}]},"26":{"type":"branch","line":81,"loc":{"start":{"line":81,"column":4},"end":{"line":84,"column":3}},"locations":[{"start":{"line":81,"column":4},"end":{"line":84,"column":3}}]},"27":{"type":"branch","line":87,"loc":{"start":{"line":87,"column":7},"end":{"line":98,"column":1}},"locations":[{"start":{"line":87,"column":7},"end":{"line":98,"column":1}}]},"28":{"type":"branch","line":88,"loc":{"start":{"line":88,"column":30},"end":{"line":88,"column":85}},"locations":[{"start":{"line":88,"column":30},"end":{"line":88,"column":85}}]},"29":{"type":"branch","line":88,"loc":{"start":{"line":88,"column":86},"end":{"line":88,"column":92}},"locations":[{"start":{"line":88,"column":86},"end":{"line":88,"column":92}}]},"30":{"type":"branch","line":89,"loc":{"start":{"line":89,"column":15},"end":{"line":89,"column":49}},"locations":[{"start":{"line":89,"column":15},"end":{"line":89,"column":49}}]},"31":{"type":"branch","line":89,"loc":{"start":{"line":89,"column":50},"end":{"line":89,"column":88}},"locations":[{"start":{"line":89,"column":50},"end":{"line":89,"column":88}}]},"32":{"type":"branch","line":95,"loc":{"start":{"line":95,"column":4},"end":{"line":97,"column":3}},"locations":[{"start":{"line":95,"column":4},"end":{"line":97,"column":3}}]}},"b":{"0":[1],"1":[6],"2":[4],"3":[0],"4":[7],"5":[0],"6":[12],"7":[9],"8":[0],"9":[9],"10":[5],"11":[1],"12":[4],"13":[2],"14":[0],"15":[2],"16":[1],"17":[3],"18":[0],"19":[2],"20":[1],"21":[3],"22":[2],"23":[1],"24":[1],"25":[1],"26":[1],"27":[2],"28":[1],"29":[1],"30":[1],"31":[1],"32":[0]},"fnMap":{"0":{"name":"dbConfigured","decl":{"start":{"line":11,"column":28},"end":{"line":11,"column":38}},"loc":{"start":{"line":11,"column":28},"end":{"line":11,"column":38}},"line":11},"1":{"name":"lsGet","decl":{"start":{"line":17,"column":0},"end":{"line":19,"column":1}},"loc":{"start":{"line":17,"column":0},"end":{"line":19,"column":1}},"line":17},"2":{"name":"lsSet","decl":{"start":{"line":20,"column":0},"end":{"line":22,"column":1}},"loc":{"start":{"line":20,"column":0},"end":{"line":22,"column":1}},"line":20},"3":{"name":"readBlob","decl":{"start":{"line":24,"column":0},"end":{"line":28,"column":1}},"loc":{"start":{"line":24,"column":0},"end":{"line":28,"column":1}},"line":24},"4":{"name":"writeBlob","decl":{"start":{"line":30,"column":0},"end":{"line":37,"column":1}},"loc":{"start":{"line":30,"column":0},"end":{"line":37,"column":1}},"line":30},"5":{"name":"getCheckins","decl":{"start":{"line":41,"column":7},"end":{"line":52,"column":1}},"loc":{"start":{"line":41,"column":7},"end":{"line":52,"column":1}},"line":41},"6":{"name":"saveCheckin","decl":{"start":{"line":54,"column":7},"end":{"line":71,"column":1}},"loc":{"start":{"line":54,"column":7},"end":{"line":71,"column":1}},"line":54},"7":{"name":"getDistress","decl":{"start":{"line":75,"column":7},"end":{"line":85,"column":1}},"loc":{"start":{"line":75,"column":7},"end":{"line":85,"column":1}},"line":75},"8":{"name":"setDistress","decl":{"start":{"line":87,"column":7},"end":{"line":98,"column":1}},"loc":{"start":{"line":87,"column":7},"end":{"line":98,"column":1}},"line":87}},"f":{"0":1,"1":6,"2":7,"3":12,"4":5,"5":4,"6":3,"7":3,"8":2}}
,"/Users/darrianbelcher/Desktop/darrian-wellness-app/src/components/CheckIn.jsx": {"path":"/Users/darrianbelcher/Desktop/darrian-wellness-app/src/components/CheckIn.jsx","all":false,"statementMap":{"0":{"start":{"line":1,"column":0},"end":{"line":1,"column":32}},"3":{"start":{"line":4,"column":0},"end":{"line":4,"column":15}},"4":{"start":{"line":5,"column":0},"end":{"line":5,"column":156}},"5":{"start":{"line":6,"column":0},"end":{"line":6,"column":138}},"6":{"start":{"line":7,"column":0},"end":{"line":7,"column":142}},"7":{"start":{"line":8,"column":0},"end":{"line":8,"column":1}},"10":{"start":{"line":11,"column":0},"end":{"line":11,"column":32}},"11":{"start":{"line":12,"column":0},"end":{"line":12,"column":82}},"12":{"start":{"line":13,"column":0},"end":{"line":13,"column":75}},"13":{"start":{"line":14,"column":0},"end":{"line":14,"column":92}},"14":{"start":{"line":15,"column":0},"end":{"line":15,"column":1}},"17":{"start":{"line":18,"column":0},"end":{"line":18,"column":37}},"18":{"start":{"line":19,"column":0},"end":{"line":19,"column":95}},"19":{"start":{"line":20,"column":0},"end":{"line":20,"column":93}},"20":{"start":{"line":21,"column":0},"end":{"line":21,"column":86}},"21":{"start":{"line":22,"column":0},"end":{"line":22,"column":90}},"22":{"start":{"line":23,"column":0},"end":{"line":23,"column":1}},"24":{"start":{"line":25,"column":0},"end":{"line":25,"column":22}},"25":{"start":{"line":26,"column":0},"end":{"line":26,"column":21}},"26":{"start":{"line":27,"column":0},"end":{"line":27,"column":21}},"27":{"start":{"line":28,"column":0},"end":{"line":28,"column":23}},"28":{"start":{"line":29,"column":0},"end":{"line":29,"column":26}},"29":{"start":{"line":30,"column":0},"end":{"line":30,"column":19}},"30":{"start":{"line":31,"column":0},"end":{"line":31,"column":19}},"31":{"start":{"line":32,"column":0},"end":{"line":32,"column":17}},"32":{"start":{"line":33,"column":0},"end":{"line":33,"column":1}},"34":{"start":{"line":35,"column":0},"end":{"line":35,"column":67}},"35":{"start":{"line":36,"column":0},"end":{"line":36,"column":40}},"36":{"start":{"line":37,"column":0},"end":{"line":37,"column":37}},"37":{"start":{"line":38,"column":0},"end":{"line":38,"column":41}},"38":{"start":{"line":39,"column":0},"end":{"line":39,"column":49}},"39":{"start":{"line":40,"column":0},"end":{"line":40,"column":48}},"40":{"start":{"line":41,"column":0},"end":{"line":41,"column":40}},"41":{"start":{"line":42,"column":0},"end":{"line":42,"column":45}},"43":{"start":{"line":44,"column":0},"end":{"line":44,"column":75}},"45":{"start":{"line":46,"column":0},"end":{"line":46,"column":95}},"46":{"start":{"line":47,"column":0},"end":{"line":47,"column":64}},"48":{"start":{"line":49,"column":0},"end":{"line":49,"column":36}},"49":{"start":{"line":50,"column":0},"end":{"line":50,"column":70}},"50":{"start":{"line":51,"column":0},"end":{"line":51,"column":19}},"51":{"start":{"line":52,"column":0},"end":{"line":52,"column":70}},"52":{"start":{"line":53,"column":0},"end":{"line":53,"column":49}},"53":{"start":{"line":54,"column":0},"end":{"line":54,"column":20}},"54":{"start":{"line":55,"column":0},"end":{"line":55,"column":54}},"55":{"start":{"line":56,"column":0},"end":{"line":56,"column":3}},"57":{"start":{"line":58,"column":0},"end":{"line":58,"column":10}},"58":{"start":{"line":59,"column":0},"end":{"line":59,"column":26}},"59":{"start":{"line":60,"column":0},"end":{"line":60,"column":35}},"60":{"start":{"line":61,"column":0},"end":{"line":61,"column":25}},"61":{"start":{"line":62,"column":0},"end":{"line":62,"column":55}},"62":{"start":{"line":63,"column":0},"end":{"line":63,"column":12}},"64":{"start":{"line":65,"column":0},"end":{"line":65,"column":28}},"65":{"start":{"line":66,"column":0},"end":{"line":66,"column":66}},"66":{"start":{"line":67,"column":0},"end":{"line":67,"column":86}},"68":{"start":{"line":69,"column":0},"end":{"line":69,"column":12}},"69":{"start":{"line":70,"column":0},"end":{"line":70,"column":35}},"70":{"start":{"line":71,"column":0},"end":{"line":71,"column":27}},"71":{"start":{"line":72,"column":0},"end":{"line":72,"column":115}},"72":{"start":{"line":73,"column":0},"end":{"line":73,"column":59}},"73":{"start":{"line":74,"column":0},"end":{"line":74,"column":57}},"74":{"start":{"line":75,"column":0},"end":{"line":75,"column":65}},"75":{"start":{"line":76,"column":0},"end":{"line":76,"column":21}},"76":{"start":{"line":77,"column":0},"end":{"line":77,"column":13}},"77":{"start":{"line":78,"column":0},"end":{"line":78,"column":14}},"78":{"start":{"line":79,"column":0},"end":{"line":79,"column":18}},"79":{"start":{"line":80,"column":0},"end":{"line":80,"column":164}},"80":{"start":{"line":81,"column":0},"end":{"line":81,"column":50}},"81":{"start":{"line":82,"column":0},"end":{"line":82,"column":16}},"83":{"start":{"line":84,"column":0},"end":{"line":84,"column":12}},"85":{"start":{"line":86,"column":0},"end":{"line":86,"column":28}},"86":{"start":{"line":87,"column":0},"end":{"line":87,"column":61}},"87":{"start":{"line":88,"column":0},"end":{"line":88,"column":41}},"88":{"start":{"line":89,"column":0},"end":{"line":89,"column":77}},"89":{"start":{"line":90,"column":0},"end":{"line":90,"column":77}},"90":{"start":{"line":91,"column":0},"end":{"line":91,"column":102}},"91":{"start":{"line":92,"column":0},"end":{"line":92,"column":14}},"92":{"start":{"line":93,"column":0},"end":{"line":93,"column":132}},"93":{"start":{"line":94,"column":0},"end":{"line":94,"column":139}},"94":{"start":{"line":95,"column":0},"end":{"line":95,"column":120}},"95":{"start":{"line":96,"column":0},"end":{"line":96,"column":12}},"97":{"start":{"line":98,"column":0},"end":{"line":98,"column":28}},"98":{"start":{"line":99,"column":0},"end":{"line":99,"column":64}},"99":{"start":{"line":100,"column":0},"end":{"line":100,"column":38}},"100":{"start":{"line":101,"column":0},"end":{"line":101,"column":40}},"101":{"start":{"line":102,"column":0},"end":{"line":102,"column":54}},"102":{"start":{"line":103,"column":0},"end":{"line":103,"column":59}},"103":{"start":{"line":104,"column":0},"end":{"line":104,"column":16}},"104":{"start":{"line":105,"column":0},"end":{"line":105,"column":112}},"105":{"start":{"line":106,"column":0},"end":{"line":106,"column":136}},"106":{"start":{"line":107,"column":0},"end":{"line":107,"column":54}},"107":{"start":{"line":108,"column":0},"end":{"line":108,"column":16}},"108":{"start":{"line":109,"column":0},"end":{"line":109,"column":14}},"109":{"start":{"line":110,"column":0},"end":{"line":110,"column":42}},"110":{"start":{"line":111,"column":0},"end":{"line":111,"column":66}},"111":{"start":{"line":112,"column":0},"end":{"line":112,"column":40}},"112":{"start":{"line":113,"column":0},"end":{"line":113,"column":59}},"113":{"start":{"line":114,"column":0},"end":{"line":114,"column":61}},"114":{"start":{"line":115,"column":0},"end":{"line":115,"column":16}},"115":{"start":{"line":116,"column":0},"end":{"line":116,"column":116}},"116":{"start":{"line":117,"column":0},"end":{"line":117,"column":136}},"117":{"start":{"line":118,"column":0},"end":{"line":118,"column":52}},"118":{"start":{"line":119,"column":0},"end":{"line":119,"column":16}},"119":{"start":{"line":120,"column":0},"end":{"line":120,"column":14}},"120":{"start":{"line":121,"column":0},"end":{"line":121,"column":12}},"123":{"start":{"line":124,"column":0},"end":{"line":124,"column":28}},"124":{"start":{"line":125,"column":0},"end":{"line":125,"column":60}},"125":{"start":{"line":126,"column":0},"end":{"line":126,"column":86}},"127":{"start":{"line":128,"column":0},"end":{"line":128,"column":12}},"128":{"start":{"line":129,"column":0},"end":{"line":129,"column":34}},"129":{"start":{"line":130,"column":0},"end":{"line":130,"column":39}},"130":{"start":{"line":131,"column":0},"end":{"line":131,"column":85}},"131":{"start":{"line":132,"column":0},"end":{"line":132,"column":71}},"132":{"start":{"line":133,"column":0},"end":{"line":133,"column":88}},"133":{"start":{"line":134,"column":0},"end":{"line":134,"column":38}},"134":{"start":{"line":135,"column":0},"end":{"line":135,"column":77}},"135":{"start":{"line":136,"column":0},"end":{"line":136,"column":22}},"136":{"start":{"line":137,"column":0},"end":{"line":137,"column":71}},"137":{"start":{"line":138,"column":0},"end":{"line":138,"column":18}},"138":{"start":{"line":139,"column":0},"end":{"line":139,"column":13}},"139":{"start":{"line":140,"column":0},"end":{"line":140,"column":14}},"140":{"start":{"line":141,"column":0},"end":{"line":141,"column":12}},"143":{"start":{"line":144,"column":0},"end":{"line":144,"column":28}},"144":{"start":{"line":145,"column":0},"end":{"line":145,"column":190}},"145":{"start":{"line":146,"column":0},"end":{"line":146,"column":34}},"146":{"start":{"line":147,"column":0},"end":{"line":147,"column":44}},"147":{"start":{"line":148,"column":0},"end":{"line":148,"column":85}},"148":{"start":{"line":149,"column":0},"end":{"line":149,"column":71}},"149":{"start":{"line":150,"column":0},"end":{"line":150,"column":88}},"150":{"start":{"line":151,"column":0},"end":{"line":151,"column":38}},"151":{"start":{"line":152,"column":0},"end":{"line":152,"column":77}},"152":{"start":{"line":153,"column":0},"end":{"line":153,"column":22}},"153":{"start":{"line":154,"column":0},"end":{"line":154,"column":71}},"154":{"start":{"line":155,"column":0},"end":{"line":155,"column":18}},"155":{"start":{"line":156,"column":0},"end":{"line":156,"column":13}},"156":{"start":{"line":157,"column":0},"end":{"line":157,"column":14}},"157":{"start":{"line":158,"column":0},"end":{"line":158,"column":12}},"159":{"start":{"line":160,"column":0},"end":{"line":160,"column":28}},"160":{"start":{"line":161,"column":0},"end":{"line":161,"column":61}},"161":{"start":{"line":162,"column":0},"end":{"line":162,"column":86}},"163":{"start":{"line":164,"column":0},"end":{"line":164,"column":12}},"164":{"start":{"line":165,"column":0},"end":{"line":165,"column":131}},"165":{"start":{"line":166,"column":0},"end":{"line":166,"column":12}},"167":{"start":{"line":168,"column":0},"end":{"line":168,"column":117}},"168":{"start":{"line":169,"column":0},"end":{"line":169,"column":53}},"169":{"start":{"line":170,"column":0},"end":{"line":170,"column":15}},"170":{"start":{"line":171,"column":0},"end":{"line":171,"column":35}},"171":{"start":{"line":172,"column":0},"end":{"line":172,"column":10}},"173":{"start":{"line":174,"column":0},"end":{"line":174,"column":1}}},"s":{"0":1,"3":1,"4":1,"5":1,"6":1,"7":1,"10":1,"11":1,"12":1,"13":1,"14":1,"17":1,"18":1,"19":1,"20":1,"21":1,"22":1,"24":1,"25":1,"26":1,"27":1,"28":1,"29":1,"30":1,"31":1,"32":1,"34":14,"35":14,"36":14,"37":14,"38":14,"39":14,"40":14,"41":14,"43":14,"45":14,"46":14,"48":14,"49":2,"50":1,"51":1,"52":1,"53":1,"54":1,"55":2,"57":14,"58":14,"59":14,"60":14,"61":14,"62":14,"64":14,"65":14,"66":14,"68":14,"69":14,"70":14,"71":42,"72":42,"73":42,"74":42,"75":42,"76":14,"77":14,"78":14,"79":4,"80":4,"81":4,"83":14,"85":14,"86":14,"87":14,"88":14,"89":14,"90":14,"91":14,"92":14,"93":14,"94":14,"95":14,"97":14,"98":14,"99":14,"100":14,"101":14,"102":14,"103":14,"104":14,"105":14,"106":14,"107":14,"108":14,"109":14,"110":14,"111":14,"112":14,"113":14,"114":14,"115":14,"116":14,"117":14,"118":14,"119":14,"120":14,"123":14,"124":14,"125":14,"127":14,"128":14,"129":14,"130":42,"131":42,"132":42,"133":42,"134":42,"135":42,"136":42,"137":42,"138":14,"139":14,"140":14,"143":14,"144":14,"145":14,"146":14,"147":56,"148":56,"149":56,"150":56,"151":56,"152":56,"153":56,"154":56,"155":14,"156":14,"157":14,"159":14,"160":14,"161":14,"163":14,"164":14,"165":14,"167":14,"168":14,"169":14,"170":14,"171":14,"173":14},"branchMap":{"0":{"type":"branch","line":35,"loc":{"start":{"line":35,"column":0},"end":{"line":174,"column":1}},"locations":[{"start":{"line":35,"column":0},"end":{"line":174,"column":1}}]},"1":{"type":"branch","line":79,"loc":{"start":{"line":79,"column":9},"end":{"line":82,"column":16}},"locations":[{"start":{"line":79,"column":9},"end":{"line":82,"column":16}}]},"2":{"type":"branch","line":93,"loc":{"start":{"line":93,"column":22},"end":{"line":93,"column":132}},"locations":[{"start":{"line":93,"column":22},"end":{"line":93,"column":132}}]},"3":{"type":"branch","line":94,"loc":{"start":{"line":94,"column":23},"end":{"line":94,"column":139}},"locations":[{"start":{"line":94,"column":23},"end":{"line":94,"column":139}}]},"4":{"type":"branch","line":95,"loc":{"start":{"line":95,"column":23},"end":{"line":95,"column":46}},"locations":[{"start":{"line":95,"column":23},"end":{"line":95,"column":46}}]},"5":{"type":"branch","line":95,"loc":{"start":{"line":95,"column":41},"end":{"line":95,"column":120}},"locations":[{"start":{"line":95,"column":41},"end":{"line":95,"column":120}}]},"6":{"type":"branch","line":168,"loc":{"start":{"line":168,"column":97},"end":{"line":168,"column":112}},"locations":[{"start":{"line":168,"column":97},"end":{"line":168,"column":112}}]},"7":{"type":"branch","line":168,"loc":{"start":{"line":168,"column":106},"end":{"line":168,"column":114}},"locations":[{"start":{"line":168,"column":106},"end":{"line":168,"column":114}}]},"8":{"type":"branch","line":169,"loc":{"start":{"line":169,"column":9},"end":{"line":169,"column":34}},"locations":[{"start":{"line":169,"column":9},"end":{"line":169,"column":34}}]},"9":{"type":"branch","line":169,"loc":{"start":{"line":169,"column":18},"end":{"line":169,"column":53}},"locations":[{"start":{"line":169,"column":18},"end":{"line":169,"column":53}}]},"10":{"type":"branch","line":46,"loc":{"start":{"line":46,"column":20},"end":{"line":46,"column":95}},"locations":[{"start":{"line":46,"column":20},"end":{"line":46,"column":95}}]},"11":{"type":"branch","line":46,"loc":{"start":{"line":46,"column":32},"end":{"line":46,"column":43}},"locations":[{"start":{"line":46,"column":32},"end":{"line":46,"column":43}}]},"12":{"type":"branch","line":46,"loc":{"start":{"line":46,"column":48},"end":{"line":46,"column":59}},"locations":[{"start":{"line":46,"column":48},"end":{"line":46,"column":59}}]},"13":{"type":"branch","line":46,"loc":{"start":{"line":46,"column":64},"end":{"line":46,"column":75}},"locations":[{"start":{"line":46,"column":64},"end":{"line":46,"column":75}}]},"14":{"type":"branch","line":46,"loc":{"start":{"line":46,"column":84},"end":{"line":46,"column":95}},"locations":[{"start":{"line":46,"column":84},"end":{"line":46,"column":95}}]},"15":{"type":"branch","line":47,"loc":{"start":{"line":47,"column":22},"end":{"line":47,"column":64}},"locations":[{"start":{"line":47,"column":22},"end":{"line":47,"column":64}}]},"16":{"type":"branch","line":47,"loc":{"start":{"line":47,"column":34},"end":{"line":47,"column":45}},"locations":[{"start":{"line":47,"column":34},"end":{"line":47,"column":45}}]},"17":{"type":"branch","line":47,"loc":{"start":{"line":47,"column":54},"end":{"line":47,"column":64}},"locations":[{"start":{"line":47,"column":54},"end":{"line":47,"column":64}}]},"18":{"type":"branch","line":49,"loc":{"start":{"line":49,"column":23},"end":{"line":56,"column":3}},"locations":[{"start":{"line":49,"column":23},"end":{"line":56,"column":3}}]},"19":{"type":"branch","line":50,"loc":{"start":{"line":50,"column":15},"end":{"line":55,"column":54}},"locations":[{"start":{"line":50,"column":15},"end":{"line":55,"column":54}}]},"20":{"type":"branch","line":71,"loc":{"start":{"line":71,"column":21},"end":{"line":76,"column":21}},"locations":[{"start":{"line":71,"column":21},"end":{"line":76,"column":21}}]},"21":{"type":"branch","line":72,"loc":{"start":{"line":72,"column":66},"end":{"line":72,"column":79}},"locations":[{"start":{"line":72,"column":66},"end":{"line":72,"column":79}}]},"22":{"type":"branch","line":72,"loc":{"start":{"line":72,"column":73},"end":{"line":72,"column":81}},"locations":[{"start":{"line":72,"column":73},"end":{"line":72,"column":81}}]},"23":{"type":"branch","line":72,"loc":{"start":{"line":72,"column":94},"end":{"line":72,"column":115}},"locations":[{"start":{"line":72,"column":94},"end":{"line":72,"column":115}}]},"24":{"type":"branch","line":81,"loc":{"start":{"line":81,"column":24},"end":{"line":81,"column":42}},"locations":[{"start":{"line":81,"column":24},"end":{"line":81,"column":42}}]},"25":{"type":"branch","line":90,"loc":{"start":{"line":90,"column":22},"end":{"line":90,"column":75}},"locations":[{"start":{"line":90,"column":22},"end":{"line":90,"column":75}}]},"26":{"type":"branch","line":90,"loc":{"start":{"line":90,"column":66},"end":{"line":90,"column":72}},"locations":[{"start":{"line":90,"column":66},"end":{"line":90,"column":72}}]},"27":{"type":"branch","line":130,"loc":{"start":{"line":130,"column":31},"end":{"line":138,"column":18}},"locations":[{"start":{"line":130,"column":31},"end":{"line":138,"column":18}}]},"28":{"type":"branch","line":137,"loc":{"start":{"line":137,"column":26},"end":{"line":137,"column":71}},"locations":[{"start":{"line":137,"column":26},"end":{"line":137,"column":71}}]},"29":{"type":"branch","line":147,"loc":{"start":{"line":147,"column":36},"end":{"line":155,"column":18}},"locations":[{"start":{"line":147,"column":36},"end":{"line":155,"column":18}}]},"30":{"type":"branch","line":154,"loc":{"start":{"line":154,"column":26},"end":{"line":154,"column":71}},"locations":[{"start":{"line":154,"column":26},"end":{"line":154,"column":71}}]}},"b":{"0":[14],"1":[4],"2":[1],"3":[13],"4":[13],"5":[0],"6":[1],"7":[13],"8":[1],"9":[13],"10":[14],"11":[0],"12":[0],"13":[0],"14":[0],"15":[14],"16":[0],"17":[0],"18":[2],"19":[1],"20":[42],"21":[4],"22":[38],"23":[2],"24":[4],"25":[2],"26":[0],"27":[42],"28":[0],"29":[56],"30":[0]},"fnMap":{"0":{"name":"CheckIn","decl":{"start":{"line":35,"column":0},"end":{"line":174,"column":1}},"loc":{"start":{"line":35,"column":0},"end":{"line":174,"column":1}},"line":35},"1":{"name":"toggleMed","decl":{"start":{"line":44,"column":20},"end":{"line":44,"column":75}},"loc":{"start":{"line":44,"column":20},"end":{"line":44,"column":75}},"line":44},"2":{"name":"moodEmoji","decl":{"start":{"line":46,"column":20},"end":{"line":46,"column":95}},"loc":{"start":{"line":46,"column":20},"end":{"line":46,"column":95}},"line":46},"3":{"name":"energyEmoji","decl":{"start":{"line":47,"column":22},"end":{"line":47,"column":64}},"loc":{"start":{"line":47,"column":22},"end":{"line":47,"column":64}},"line":47},"4":{"name":"handleSubmit","decl":{"start":{"line":49,"column":23},"end":{"line":56,"column":3}},"loc":{"start":{"line":49,"column":23},"end":{"line":56,"column":3}},"line":49},"5":{"name":"onClick","decl":{"start":{"line":72,"column":94},"end":{"line":72,"column":115}},"loc":{"start":{"line":72,"column":94},"end":{"line":72,"column":115}},"line":72},"6":{"name":"onChange","decl":{"start":{"line":90,"column":22},"end":{"line":90,"column":75}},"loc":{"start":{"line":90,"column":22},"end":{"line":90,"column":75}},"line":90},"7":{"name":"onChange","decl":{"start":{"line":105,"column":70},"end":{"line":105,"column":110}},"loc":{"start":{"line":105,"column":70},"end":{"line":105,"column":110}},"line":105},"8":{"name":"onChange","decl":{"start":{"line":116,"column":72},"end":{"line":116,"column":114}},"loc":{"start":{"line":116,"column":72},"end":{"line":116,"column":114}},"line":116},"9":{"name":"onClick","decl":{"start":{"line":131,"column":60},"end":{"line":131,"column":85}},"loc":{"start":{"line":131,"column":60},"end":{"line":131,"column":85}},"line":131},"10":{"name":"onChange","decl":{"start":{"line":133,"column":26},"end":{"line":133,"column":51}},"loc":{"start":{"line":133,"column":26},"end":{"line":133,"column":51}},"line":133},"11":{"name":"onClick","decl":{"start":{"line":133,"column":60},"end":{"line":133,"column":86}},"loc":{"start":{"line":133,"column":60},"end":{"line":133,"column":86}},"line":133},"12":{"name":"onClick","decl":{"start":{"line":148,"column":60},"end":{"line":148,"column":85}},"loc":{"start":{"line":148,"column":60},"end":{"line":148,"column":85}},"line":148},"13":{"name":"onChange","decl":{"start":{"line":150,"column":26},"end":{"line":150,"column":51}},"loc":{"start":{"line":150,"column":26},"end":{"line":150,"column":51}},"line":150},"14":{"name":"onClick","decl":{"start":{"line":150,"column":60},"end":{"line":150,"column":86}},"loc":{"start":{"line":150,"column":60},"end":{"line":150,"column":86}},"line":150},"15":{"name":"onChange","decl":{"start":{"line":165,"column":98},"end":{"line":165,"column":129}},"loc":{"start":{"line":165,"column":98},"end":{"line":165,"column":129}},"line":165}},"f":{"0":14,"1":0,"2":14,"3":14,"4":2,"5":2,"6":2,"7":0,"8":0,"9":0,"10":0,"11":0,"12":0,"13":0,"14":0,"15":0}}
,"/Users/darrianbelcher/Desktop/darrian-wellness-app/src/components/Dashboard.jsx": {"path":"/Users/darrianbelcher/Desktop/darrian-wellness-app/src/components/Dashboard.jsx","all":false,"statementMap":{"0":{"start":{"line":1,"column":0},"end":{"line":1,"column":43}},"3":{"start":{"line":4,"column":0},"end":{"line":4,"column":15}},"4":{"start":{"line":5,"column":0},"end":{"line":5,"column":129}},"5":{"start":{"line":6,"column":0},"end":{"line":6,"column":122}},"6":{"start":{"line":7,"column":0},"end":{"line":7,"column":126}},"7":{"start":{"line":8,"column":0},"end":{"line":8,"column":1}},"9":{"start":{"line":10,"column":0},"end":{"line":10,"column":30}},"10":{"start":{"line":11,"column":0},"end":{"line":11,"column":40}},"11":{"start":{"line":12,"column":0},"end":{"line":12,"column":26}},"12":{"start":{"line":13,"column":0},"end":{"line":13,"column":70}},"13":{"start":{"line":14,"column":0},"end":{"line":14,"column":38}},"14":{"start":{"line":15,"column":0},"end":{"line":15,"column":101}},"15":{"start":{"line":16,"column":0},"end":{"line":16,"column":88}},"16":{"start":{"line":17,"column":0},"end":{"line":17,"column":48}},"17":{"start":{"line":18,"column":0},"end":{"line":18,"column":51}},"18":{"start":{"line":19,"column":0},"end":{"line":19,"column":16}},"19":{"start":{"line":20,"column":0},"end":{"line":20,"column":1}},"21":{"start":{"line":22,"column":0},"end":{"line":22,"column":30}},"22":{"start":{"line":23,"column":0},"end":{"line":23,"column":32}},"23":{"start":{"line":24,"column":0},"end":{"line":24,"column":16}},"24":{"start":{"line":25,"column":0},"end":{"line":25,"column":54}},"25":{"start":{"line":26,"column":0},"end":{"line":26,"column":32}},"26":{"start":{"line":27,"column":0},"end":{"line":27,"column":63}},"27":{"start":{"line":28,"column":0},"end":{"line":28,"column":37}},"28":{"start":{"line":29,"column":0},"end":{"line":29,"column":85}},"29":{"start":{"line":30,"column":0},"end":{"line":30,"column":23}},"30":{"start":{"line":31,"column":0},"end":{"line":31,"column":25}},"31":{"start":{"line":32,"column":0},"end":{"line":32,"column":3}},"32":{"start":{"line":33,"column":0},"end":{"line":33,"column":15}},"33":{"start":{"line":34,"column":0},"end":{"line":34,"column":1}},"35":{"start":{"line":36,"column":0},"end":{"line":36,"column":32}},"36":{"start":{"line":37,"column":0},"end":{"line":37,"column":21}},"37":{"start":{"line":38,"column":0},"end":{"line":38,"column":29}},"38":{"start":{"line":39,"column":0},"end":{"line":39,"column":73}},"39":{"start":{"line":40,"column":0},"end":{"line":40,"column":164}},"40":{"start":{"line":41,"column":0},"end":{"line":41,"column":137}},"41":{"start":{"line":42,"column":0},"end":{"line":42,"column":3}},"42":{"start":{"line":43,"column":0},"end":{"line":43,"column":29}},"43":{"start":{"line":44,"column":0},"end":{"line":44,"column":55}},"44":{"start":{"line":45,"column":0},"end":{"line":45,"column":155}},"45":{"start":{"line":46,"column":0},"end":{"line":46,"column":3}},"46":{"start":{"line":47,"column":0},"end":{"line":47,"column":17}},"47":{"start":{"line":48,"column":0},"end":{"line":48,"column":1}},"49":{"start":{"line":50,"column":0},"end":{"line":50,"column":69}},"50":{"start":{"line":51,"column":0},"end":{"line":51,"column":46}},"51":{"start":{"line":52,"column":0},"end":{"line":52,"column":53}},"52":{"start":{"line":53,"column":0},"end":{"line":53,"column":46}},"54":{"start":{"line":55,"column":0},"end":{"line":55,"column":28}},"55":{"start":{"line":56,"column":0},"end":{"line":56,"column":68}},"56":{"start":{"line":57,"column":0},"end":{"line":57,"column":18}},"57":{"start":{"line":58,"column":0},"end":{"line":58,"column":23}},"58":{"start":{"line":59,"column":0},"end":{"line":59,"column":21}},"59":{"start":{"line":60,"column":0},"end":{"line":60,"column":3}},"61":{"start":{"line":62,"column":0},"end":{"line":62,"column":33}},"63":{"start":{"line":64,"column":0},"end":{"line":64,"column":28}},"64":{"start":{"line":65,"column":0},"end":{"line":65,"column":36}},"65":{"start":{"line":66,"column":0},"end":{"line":66,"column":36}},"66":{"start":{"line":67,"column":0},"end":{"line":67,"column":40}},"67":{"start":{"line":68,"column":0},"end":{"line":68,"column":55}},"69":{"start":{"line":70,"column":0},"end":{"line":70,"column":38}},"70":{"start":{"line":71,"column":0},"end":{"line":71,"column":27}},"71":{"start":{"line":72,"column":0},"end":{"line":72,"column":38}},"72":{"start":{"line":73,"column":0},"end":{"line":73,"column":55}},"73":{"start":{"line":74,"column":0},"end":{"line":74,"column":3}},"75":{"start":{"line":76,"column":0},"end":{"line":76,"column":37}},"76":{"start":{"line":77,"column":0},"end":{"line":77,"column":28}},"77":{"start":{"line":78,"column":0},"end":{"line":78,"column":26}},"78":{"start":{"line":79,"column":0},"end":{"line":79,"column":53}},"79":{"start":{"line":80,"column":0},"end":{"line":80,"column":3}},"81":{"start":{"line":82,"column":0},"end":{"line":82,"column":24}},"82":{"start":{"line":83,"column":0},"end":{"line":83,"column":54}},"83":{"start":{"line":84,"column":0},"end":{"line":84,"column":56}},"84":{"start":{"line":85,"column":0},"end":{"line":85,"column":58}},"85":{"start":{"line":86,"column":0},"end":{"line":86,"column":54}},"86":{"start":{"line":87,"column":0},"end":{"line":87,"column":62}},"87":{"start":{"line":88,"column":0},"end":{"line":88,"column":3}},"89":{"start":{"line":90,"column":0},"end":{"line":90,"column":10}},"90":{"start":{"line":91,"column":0},"end":{"line":91,"column":26}},"91":{"start":{"line":92,"column":0},"end":{"line":92,"column":35}},"92":{"start":{"line":93,"column":0},"end":{"line":93,"column":32}},"93":{"start":{"line":94,"column":0},"end":{"line":94,"column":53}},"94":{"start":{"line":95,"column":0},"end":{"line":95,"column":12}},"96":{"start":{"line":97,"column":0},"end":{"line":97,"column":28}},"97":{"start":{"line":98,"column":0},"end":{"line":98,"column":67}},"98":{"start":{"line":99,"column":0},"end":{"line":99,"column":48}},"99":{"start":{"line":100,"column":0},"end":{"line":100,"column":58}},"100":{"start":{"line":101,"column":0},"end":{"line":101,"column":42}},"101":{"start":{"line":102,"column":0},"end":{"line":102,"column":63}},"102":{"start":{"line":103,"column":0},"end":{"line":103,"column":16}},"103":{"start":{"line":104,"column":0},"end":{"line":104,"column":129}},"104":{"start":{"line":105,"column":0},"end":{"line":105,"column":14}},"107":{"start":{"line":108,"column":0},"end":{"line":108,"column":31}},"108":{"start":{"line":109,"column":0},"end":{"line":109,"column":87}},"109":{"start":{"line":110,"column":0},"end":{"line":110,"column":78}},"110":{"start":{"line":111,"column":0},"end":{"line":111,"column":38}},"111":{"start":{"line":112,"column":0},"end":{"line":112,"column":70}},"112":{"start":{"line":113,"column":0},"end":{"line":113,"column":26}},"113":{"start":{"line":114,"column":0},"end":{"line":114,"column":16}},"114":{"start":{"line":115,"column":0},"end":{"line":115,"column":14}},"115":{"start":{"line":116,"column":0},"end":{"line":116,"column":9}},"117":{"start":{"line":118,"column":0},"end":{"line":118,"column":28}},"118":{"start":{"line":119,"column":0},"end":{"line":119,"column":114}},"119":{"start":{"line":120,"column":0},"end":{"line":120,"column":60}},"120":{"start":{"line":121,"column":0},"end":{"line":121,"column":106}},"121":{"start":{"line":122,"column":0},"end":{"line":122,"column":14}},"123":{"start":{"line":124,"column":0},"end":{"line":124,"column":20}},"124":{"start":{"line":125,"column":0},"end":{"line":125,"column":101}},"125":{"start":{"line":126,"column":0},"end":{"line":126,"column":26}},"126":{"start":{"line":127,"column":0},"end":{"line":127,"column":74}},"127":{"start":{"line":128,"column":0},"end":{"line":128,"column":68}},"128":{"start":{"line":129,"column":0},"end":{"line":129,"column":17}},"129":{"start":{"line":130,"column":0},"end":{"line":130,"column":120}},"130":{"start":{"line":131,"column":0},"end":{"line":131,"column":110}},"131":{"start":{"line":132,"column":0},"end":{"line":132,"column":113}},"132":{"start":{"line":133,"column":0},"end":{"line":133,"column":18}},"133":{"start":{"line":134,"column":0},"end":{"line":134,"column":16}},"135":{"start":{"line":136,"column":0},"end":{"line":136,"column":72}},"136":{"start":{"line":137,"column":0},"end":{"line":137,"column":84}},"137":{"start":{"line":138,"column":0},"end":{"line":138,"column":16}},"140":{"start":{"line":141,"column":0},"end":{"line":141,"column":20}},"141":{"start":{"line":142,"column":0},"end":{"line":142,"column":100}},"142":{"start":{"line":143,"column":0},"end":{"line":143,"column":54}},"143":{"start":{"line":144,"column":0},"end":{"line":144,"column":16}},"144":{"start":{"line":145,"column":0},"end":{"line":145,"column":95}},"145":{"start":{"line":146,"column":0},"end":{"line":146,"column":99}},"146":{"start":{"line":147,"column":0},"end":{"line":147,"column":151}},"147":{"start":{"line":148,"column":0},"end":{"line":148,"column":26}},"148":{"start":{"line":149,"column":0},"end":{"line":149,"column":35}},"149":{"start":{"line":150,"column":0},"end":{"line":150,"column":160}},"150":{"start":{"line":151,"column":0},"end":{"line":151,"column":114}},"151":{"start":{"line":152,"column":0},"end":{"line":152,"column":22}},"152":{"start":{"line":153,"column":0},"end":{"line":153,"column":17}},"153":{"start":{"line":154,"column":0},"end":{"line":154,"column":18}},"154":{"start":{"line":155,"column":0},"end":{"line":155,"column":16}},"156":{"start":{"line":157,"column":0},"end":{"line":157,"column":12}},"158":{"start":{"line":159,"column":0},"end":{"line":159,"column":22}},"159":{"start":{"line":160,"column":0},"end":{"line":160,"column":40}},"160":{"start":{"line":161,"column":0},"end":{"line":161,"column":57}},"161":{"start":{"line":162,"column":0},"end":{"line":162,"column":39}},"162":{"start":{"line":163,"column":0},"end":{"line":163,"column":31}},"163":{"start":{"line":164,"column":0},"end":{"line":164,"column":62}},"164":{"start":{"line":165,"column":0},"end":{"line":165,"column":16}},"165":{"start":{"line":166,"column":0},"end":{"line":166,"column":14}},"168":{"start":{"line":169,"column":0},"end":{"line":169,"column":28}},"169":{"start":{"line":170,"column":0},"end":{"line":170,"column":36}},"170":{"start":{"line":171,"column":0},"end":{"line":171,"column":138}},"171":{"start":{"line":172,"column":0},"end":{"line":172,"column":14}},"172":{"start":{"line":173,"column":0},"end":{"line":173,"column":86}},"173":{"start":{"line":174,"column":0},"end":{"line":174,"column":92}},"174":{"start":{"line":175,"column":0},"end":{"line":175,"column":135}},"175":{"start":{"line":176,"column":0},"end":{"line":176,"column":63}},"176":{"start":{"line":177,"column":0},"end":{"line":177,"column":12}},"177":{"start":{"line":178,"column":0},"end":{"line":178,"column":82}},"178":{"start":{"line":179,"column":0},"end":{"line":179,"column":124}},"179":{"start":{"line":180,"column":0},"end":{"line":180,"column":17}},"180":{"start":{"line":181,"column":0},"end":{"line":181,"column":12}},"182":{"start":{"line":183,"column":0},"end":{"line":183,"column":18}},"183":{"start":{"line":184,"column":0},"end":{"line":184,"column":30}},"184":{"start":{"line":185,"column":0},"end":{"line":185,"column":57}},"185":{"start":{"line":186,"column":0},"end":{"line":186,"column":69}},"186":{"start":{"line":187,"column":0},"end":{"line":187,"column":29}},"187":{"start":{"line":188,"column":0},"end":{"line":188,"column":69}},"188":{"start":{"line":189,"column":0},"end":{"line":189,"column":81}},"189":{"start":{"line":190,"column":0},"end":{"line":190,"column":38}},"190":{"start":{"line":191,"column":0},"end":{"line":191,"column":46}},"191":{"start":{"line":192,"column":0},"end":{"line":192,"column":22}},"192":{"start":{"line":193,"column":0},"end":{"line":193,"column":40}},"193":{"start":{"line":194,"column":0},"end":{"line":194,"column":88}},"194":{"start":{"line":195,"column":0},"end":{"line":195,"column":88}},"195":{"start":{"line":196,"column":0},"end":{"line":196,"column":74}},"196":{"start":{"line":197,"column":0},"end":{"line":197,"column":87}},"197":{"start":{"line":198,"column":0},"end":{"line":198,"column":19}},"198":{"start":{"line":199,"column":0},"end":{"line":199,"column":45}},"199":{"start":{"line":200,"column":0},"end":{"line":200,"column":23}},"201":{"start":{"line":202,"column":0},"end":{"line":202,"column":15}},"202":{"start":{"line":203,"column":0},"end":{"line":203,"column":16}},"203":{"start":{"line":204,"column":0},"end":{"line":204,"column":14}},"206":{"start":{"line":207,"column":0},"end":{"line":207,"column":28}},"207":{"start":{"line":208,"column":0},"end":{"line":208,"column":58}},"208":{"start":{"line":209,"column":0},"end":{"line":209,"column":86}},"210":{"start":{"line":211,"column":0},"end":{"line":211,"column":12}},"211":{"start":{"line":212,"column":0},"end":{"line":212,"column":29}},"212":{"start":{"line":213,"column":0},"end":{"line":213,"column":132}},"214":{"start":{"line":215,"column":0},"end":{"line":215,"column":94}},"216":{"start":{"line":217,"column":0},"end":{"line":217,"column":12}},"217":{"start":{"line":218,"column":0},"end":{"line":218,"column":10}},"219":{"start":{"line":220,"column":0},"end":{"line":220,"column":1}}},"s":{"0":1,"3":1,"4":1,"5":1,"6":1,"7":1,"9":13,"10":13,"11":5,"12":5,"13":13,"14":5,"15":5,"16":13,"17":13,"18":3,"19":3,"21":13,"22":13,"23":5,"24":5,"25":13,"26":10,"27":10,"28":10,"29":10,"30":5,"31":10,"32":10,"33":10,"35":13,"36":13,"37":13,"38":2,"39":2,"40":1,"41":2,"42":13,"43":1,"44":1,"45":1,"46":13,"47":13,"49":14,"50":14,"51":14,"52":14,"54":14,"55":7,"56":7,"57":7,"58":7,"59":7,"61":14,"63":14,"64":14,"65":14,"66":14,"67":14,"69":14,"70":0,"71":0,"72":0,"73":0,"75":14,"76":0,"77":0,"78":0,"79":0,"81":14,"82":14,"83":14,"84":14,"85":14,"86":14,"87":14,"89":14,"90":14,"91":14,"92":14,"93":14,"94":14,"96":14,"97":1,"98":1,"99":1,"100":1,"101":1,"102":1,"103":1,"104":1,"107":14,"108":2,"109":2,"110":2,"111":2,"112":2,"113":2,"114":2,"115":14,"117":14,"118":14,"119":14,"120":14,"121":14,"123":14,"124":7,"125":6,"126":5,"127":5,"128":5,"129":5,"130":5,"131":5,"132":5,"133":5,"135":1,"136":1,"137":1,"140":14,"141":5,"142":5,"143":5,"144":5,"145":5,"146":5,"147":5,"148":15,"149":15,"150":15,"151":15,"152":5,"153":5,"154":5,"156":14,"158":14,"159":5,"160":5,"161":5,"162":5,"163":5,"164":5,"165":5,"168":14,"169":14,"170":14,"171":14,"172":14,"173":14,"174":5,"175":8,"176":14,"177":14,"178":14,"179":14,"180":14,"182":14,"183":5,"184":5,"185":5,"186":5,"187":5,"188":5,"189":5,"190":25,"191":25,"192":25,"193":25,"194":25,"195":25,"196":25,"197":25,"198":25,"199":25,"201":5,"202":5,"203":5,"206":14,"207":14,"208":14,"210":14,"211":14,"212":1,"214":12,"216":14,"217":14,"219":14},"branchMap":{"0":{"type":"branch","line":10,"loc":{"start":{"line":10,"column":0},"end":{"line":20,"column":1}},"locations":[{"start":{"line":10,"column":0},"end":{"line":20,"column":1}}]},"1":{"type":"branch","line":11,"loc":{"start":{"line":11,"column":24},"end":{"line":11,"column":40}},"locations":[{"start":{"line":11,"column":24},"end":{"line":11,"column":40}}]},"2":{"type":"branch","line":11,"loc":{"start":{"line":11,"column":31},"end":{"line":14,"column":30}},"locations":[{"start":{"line":11,"column":31},"end":{"line":14,"column":30}}]},"3":{"type":"branch","line":14,"loc":{"start":{"line":14,"column":23},"end":{"line":14,"column":38}},"locations":[{"start":{"line":14,"column":23},"end":{"line":14,"column":38}}]},"4":{"type":"branch","line":14,"loc":{"start":{"line":14,"column":30},"end":{"line":17,"column":21}},"locations":[{"start":{"line":14,"column":30},"end":{"line":17,"column":21}}]},"5":{"type":"branch","line":17,"loc":{"start":{"line":17,"column":16},"end":{"line":17,"column":36}},"locations":[{"start":{"line":17,"column":16},"end":{"line":17,"column":36}}]},"6":{"type":"branch","line":17,"loc":{"start":{"line":17,"column":36},"end":{"line":17,"column":48}},"locations":[{"start":{"line":17,"column":36},"end":{"line":17,"column":48}}]},"7":{"type":"branch","line":17,"loc":{"start":{"line":17,"column":43},"end":{"line":18,"column":36}},"locations":[{"start":{"line":17,"column":43},"end":{"line":18,"column":36}}]},"8":{"type":"branch","line":18,"loc":{"start":{"line":18,"column":36},"end":{"line":18,"column":51}},"locations":[{"start":{"line":18,"column":36},"end":{"line":18,"column":51}}]},"9":{"type":"branch","line":18,"loc":{"start":{"line":18,"column":43},"end":{"line":20,"column":1}},"locations":[{"start":{"line":18,"column":43},"end":{"line":20,"column":1}}]},"10":{"type":"branch","line":15,"loc":{"start":{"line":15,"column":46},"end":{"line":15,"column":68}},"locations":[{"start":{"line":15,"column":46},"end":{"line":15,"column":68}}]},"11":{"type":"branch","line":16,"loc":{"start":{"line":16,"column":47},"end":{"line":16,"column":80}},"locations":[{"start":{"line":16,"column":47},"end":{"line":16,"column":80}}]},"12":{"type":"branch","line":22,"loc":{"start":{"line":22,"column":0},"end":{"line":34,"column":1}},"locations":[{"start":{"line":22,"column":0},"end":{"line":34,"column":1}}]},"13":{"type":"branch","line":23,"loc":{"start":{"line":23,"column":24},"end":{"line":23,"column":32}},"locations":[{"start":{"line":23,"column":24},"end":{"line":23,"column":32}}]},"14":{"type":"branch","line":23,"loc":{"start":{"line":23,"column":31},"end":{"line":26,"column":31}},"locations":[{"start":{"line":23,"column":31},"end":{"line":26,"column":31}}]},"15":{"type":"branch","line":26,"loc":{"start":{"line":26,"column":31},"end":{"line":34,"column":1}},"locations":[{"start":{"line":26,"column":31},"end":{"line":34,"column":1}}]},"16":{"type":"branch","line":30,"loc":{"start":{"line":30,"column":15},"end":{"line":31,"column":25}},"locations":[{"start":{"line":30,"column":15},"end":{"line":31,"column":25}}]},"17":{"type":"branch","line":29,"loc":{"start":{"line":29,"column":32},"end":{"line":29,"column":84}},"locations":[{"start":{"line":29,"column":32},"end":{"line":29,"column":84}}]},"18":{"type":"branch","line":36,"loc":{"start":{"line":36,"column":0},"end":{"line":48,"column":1}},"locations":[{"start":{"line":36,"column":0},"end":{"line":48,"column":1}}]},"19":{"type":"branch","line":38,"loc":{"start":{"line":38,"column":28},"end":{"line":42,"column":3}},"locations":[{"start":{"line":38,"column":28},"end":{"line":42,"column":3}}]},"20":{"type":"branch","line":40,"loc":{"start":{"line":40,"column":33},"end":{"line":41,"column":137}},"locations":[{"start":{"line":40,"column":33},"end":{"line":41,"column":137}}]},"21":{"type":"branch","line":41,"loc":{"start":{"line":41,"column":37},"end":{"line":41,"column":137}},"locations":[{"start":{"line":41,"column":37},"end":{"line":41,"column":137}}]},"22":{"type":"branch","line":43,"loc":{"start":{"line":43,"column":28},"end":{"line":46,"column":3}},"locations":[{"start":{"line":43,"column":28},"end":{"line":46,"column":3}}]},"23":{"type":"branch","line":39,"loc":{"start":{"line":39,"column":43},"end":{"line":39,"column":72}},"locations":[{"start":{"line":39,"column":43},"end":{"line":39,"column":72}}]},"24":{"type":"branch","line":40,"loc":{"start":{"line":40,"column":20},"end":{"line":40,"column":30}},"locations":[{"start":{"line":40,"column":20},"end":{"line":40,"column":30}}]},"25":{"type":"branch","line":41,"loc":{"start":{"line":41,"column":24},"end":{"line":41,"column":34}},"locations":[{"start":{"line":41,"column":24},"end":{"line":41,"column":34}}]},"26":{"type":"branch","line":44,"loc":{"start":{"line":44,"column":43},"end":{"line":44,"column":54}},"locations":[{"start":{"line":44,"column":43},"end":{"line":44,"column":54}}]},"27":{"type":"branch","line":45,"loc":{"start":{"line":45,"column":20},"end":{"line":45,"column":30}},"locations":[{"start":{"line":45,"column":20},"end":{"line":45,"column":30}}]},"28":{"type":"branch","line":50,"loc":{"start":{"line":50,"column":0},"end":{"line":220,"column":1}},"locations":[{"start":{"line":50,"column":0},"end":{"line":220,"column":1}}]},"29":{"type":"branch","line":68,"loc":{"start":{"line":68,"column":21},"end":{"line":68,"column":51}},"locations":[{"start":{"line":68,"column":21},"end":{"line":68,"column":51}}]},"30":{"type":"branch","line":68,"loc":{"start":{"line":68,"column":47},"end":{"line":68,"column":55}},"locations":[{"start":{"line":68,"column":47},"end":{"line":68,"column":55}}]},"31":{"type":"branch","line":97,"loc":{"start":{"line":97,"column":7},"end":{"line":97,"column":28}},"locations":[{"start":{"line":97,"column":7},"end":{"line":97,"column":28}}]},"32":{"type":"branch","line":97,"loc":{"start":{"line":97,"column":17},"end":{"line":105,"column":14}},"locations":[{"start":{"line":97,"column":17},"end":{"line":105,"column":14}}]},"33":{"type":"branch","line":124,"loc":{"start":{"line":124,"column":9},"end":{"line":125,"column":101}},"locations":[{"start":{"line":124,"column":9},"end":{"line":125,"column":101}}]},"34":{"type":"branch","line":125,"loc":{"start":{"line":125,"column":95},"end":{"line":138,"column":16}},"locations":[{"start":{"line":125,"column":95},"end":{"line":138,"column":16}}]},"35":{"type":"branch","line":126,"loc":{"start":{"line":126,"column":12},"end":{"line":134,"column":16}},"locations":[{"start":{"line":126,"column":12},"end":{"line":134,"column":16}}]},"36":{"type":"branch","line":134,"loc":{"start":{"line":134,"column":10},"end":{"line":138,"column":16}},"locations":[{"start":{"line":134,"column":10},"end":{"line":138,"column":16}}]},"37":{"type":"branch","line":141,"loc":{"start":{"line":141,"column":9},"end":{"line":155,"column":16}},"locations":[{"start":{"line":141,"column":9},"end":{"line":155,"column":16}}]},"38":{"type":"branch","line":147,"loc":{"start":{"line":147,"column":105},"end":{"line":147,"column":124}},"locations":[{"start":{"line":147,"column":105},"end":{"line":147,"column":124}}]},"39":{"type":"branch","line":147,"loc":{"start":{"line":147,"column":109},"end":{"line":147,"column":149}},"locations":[{"start":{"line":147,"column":109},"end":{"line":147,"column":149}}]},"40":{"type":"branch","line":159,"loc":{"start":{"line":159,"column":16},"end":{"line":166,"column":14}},"locations":[{"start":{"line":159,"column":16},"end":{"line":166,"column":14}}]},"41":{"type":"branch","line":171,"loc":{"start":{"line":171,"column":11},"end":{"line":171,"column":95}},"locations":[{"start":{"line":171,"column":11},"end":{"line":171,"column":95}}]},"42":{"type":"branch","line":171,"loc":{"start":{"line":171,"column":91},"end":{"line":171,"column":118}},"locations":[{"start":{"line":171,"column":91},"end":{"line":171,"column":118}}]},"43":{"type":"branch","line":171,"loc":{"start":{"line":171,"column":95},"end":{"line":171,"column":138}},"locations":[{"start":{"line":171,"column":95},"end":{"line":171,"column":138}}]},"44":{"type":"branch","line":174,"loc":{"start":{"line":174,"column":11},"end":{"line":174,"column":92}},"locations":[{"start":{"line":174,"column":11},"end":{"line":174,"column":92}}]},"45":{"type":"branch","line":174,"loc":{"start":{"line":174,"column":91},"end":{"line":175,"column":135}},"locations":[{"start":{"line":174,"column":91},"end":{"line":175,"column":135}}]},"46":{"type":"branch","line":175,"loc":{"start":{"line":175,"column":112},"end":{"line":176,"column":63}},"locations":[{"start":{"line":175,"column":112},"end":{"line":176,"column":63}}]},"47":{"type":"branch","line":179,"loc":{"start":{"line":179,"column":11},"end":{"line":179,"column":95}},"locations":[{"start":{"line":179,"column":11},"end":{"line":179,"column":95}}]},"48":{"type":"branch","line":179,"loc":{"start":{"line":179,"column":91},"end":{"line":179,"column":109}},"locations":[{"start":{"line":179,"column":91},"end":{"line":179,"column":109}}]},"49":{"type":"branch","line":179,"loc":{"start":{"line":179,"column":95},"end":{"line":179,"column":124}},"locations":[{"start":{"line":179,"column":95},"end":{"line":179,"column":124}}]},"50":{"type":"branch","line":183,"loc":{"start":{"line":183,"column":7},"end":{"line":204,"column":14}},"locations":[{"start":{"line":183,"column":7},"end":{"line":204,"column":14}}]},"51":{"type":"branch","line":212,"loc":{"start":{"line":212,"column":9},"end":{"line":212,"column":29}},"locations":[{"start":{"line":212,"column":9},"end":{"line":212,"column":29}}]},"52":{"type":"branch","line":212,"loc":{"start":{"line":212,"column":19},"end":{"line":213,"column":132}},"locations":[{"start":{"line":212,"column":19},"end":{"line":213,"column":132}}]},"53":{"type":"branch","line":213,"loc":{"start":{"line":213,"column":123},"end":{"line":215,"column":94}},"locations":[{"start":{"line":213,"column":123},"end":{"line":215,"column":94}}]},"54":{"type":"branch","line":55,"loc":{"start":{"line":55,"column":15},"end":{"line":60,"column":3}},"locations":[{"start":{"line":55,"column":15},"end":{"line":60,"column":3}}]},"55":{"type":"branch","line":62,"loc":{"start":{"line":62,"column":12},"end":{"line":62,"column":30}},"locations":[{"start":{"line":62,"column":12},"end":{"line":62,"column":30}}]},"56":{"type":"branch","line":108,"loc":{"start":{"line":108,"column":20},"end":{"line":115,"column":14}},"locations":[{"start":{"line":108,"column":20},"end":{"line":115,"column":14}}]},"57":{"type":"branch","line":109,"loc":{"start":{"line":109,"column":59},"end":{"line":109,"column":81}},"locations":[{"start":{"line":109,"column":59},"end":{"line":109,"column":81}}]},"58":{"type":"branch","line":110,"loc":{"start":{"line":110,"column":59},"end":{"line":110,"column":71}},"locations":[{"start":{"line":110,"column":59},"end":{"line":110,"column":71}}]},"59":{"type":"branch","line":112,"loc":{"start":{"line":112,"column":36},"end":{"line":112,"column":65}},"locations":[{"start":{"line":112,"column":36},"end":{"line":112,"column":65}}]},"60":{"type":"branch","line":148,"loc":{"start":{"line":148,"column":20},"end":{"line":152,"column":22}},"locations":[{"start":{"line":148,"column":20},"end":{"line":152,"column":22}}]},"61":{"type":"branch","line":190,"loc":{"start":{"line":190,"column":19},"end":{"line":202,"column":13}},"locations":[{"start":{"line":190,"column":19},"end":{"line":202,"column":13}}]},"62":{"type":"branch","line":191,"loc":{"start":{"line":191,"column":35},"end":{"line":191,"column":46}},"locations":[{"start":{"line":191,"column":35},"end":{"line":191,"column":46}}]},"63":{"type":"branch","line":195,"loc":{"start":{"line":195,"column":30},"end":{"line":195,"column":63}},"locations":[{"start":{"line":195,"column":30},"end":{"line":195,"column":63}}]},"64":{"type":"branch","line":196,"loc":{"start":{"line":196,"column":25},"end":{"line":196,"column":50}},"locations":[{"start":{"line":196,"column":25},"end":{"line":196,"column":50}}]},"65":{"type":"branch","line":197,"loc":{"start":{"line":197,"column":39},"end":{"line":197,"column":64}},"locations":[{"start":{"line":197,"column":39},"end":{"line":197,"column":64}}]},"66":{"type":"branch","line":199,"loc":{"start":{"line":199,"column":19},"end":{"line":199,"column":33}},"locations":[{"start":{"line":199,"column":19},"end":{"line":199,"column":33}}]}},"b":{"0":[13],"1":[8],"2":[5],"3":[0],"4":[5],"5":[4],"6":[2],"7":[3],"8":[0],"9":[3],"10":[8],"11":[7],"12":[13],"13":[8],"14":[5],"15":[10],"16":[5],"17":[13],"18":[13],"19":[2],"20":[1],"21":[0],"22":[1],"23":[4],"24":[3],"25":[2],"26":[3],"27":[3],"28":[14],"29":[5],"30":[8],"31":[1],"32":[1],"33":[7],"34":[6],"35":[5],"36":[1],"37":[5],"38":[1],"39":[4],"40":[5],"41":[5],"42":[5],"43":[8],"44":[5],"45":[5],"46":[8],"47":[5],"48":[5],"49":[8],"50":[5],"51":[1],"52":[1],"53":[12],"54":[7],"55":[7],"56":[2],"57":[0],"58":[0],"59":[0],"60":[15],"61":[25],"62":[0],"63":[0],"64":[0],"65":[0],"66":[0]},"fnMap":{"0":{"name":"getStatus","decl":{"start":{"line":10,"column":0},"end":{"line":20,"column":1}},"loc":{"start":{"line":10,"column":0},"end":{"line":20,"column":1}},"line":10},"1":{"name":"getStreak","decl":{"start":{"line":22,"column":0},"end":{"line":34,"column":1}},"loc":{"start":{"line":22,"column":0},"end":{"line":34,"column":1}},"line":22},"2":{"name":"getWarnings","decl":{"start":{"line":36,"column":0},"end":{"line":48,"column":1}},"loc":{"start":{"line":36,"column":0},"end":{"line":48,"column":1}},"line":36},"3":{"name":"Dashboard","decl":{"start":{"line":50,"column":0},"end":{"line":220,"column":1}},"loc":{"start":{"line":50,"column":0},"end":{"line":220,"column":1}},"line":50},"4":{"name":"load","decl":{"start":{"line":55,"column":15},"end":{"line":60,"column":3}},"loc":{"start":{"line":55,"column":15},"end":{"line":60,"column":3}},"line":55},"5":{"name":"handleDistress","decl":{"start":{"line":70,"column":25},"end":{"line":74,"column":3}},"loc":{"start":{"line":70,"column":25},"end":{"line":74,"column":3}},"line":70},"6":{"name":"clearDistress","decl":{"start":{"line":76,"column":24},"end":{"line":80,"column":3}},"loc":{"start":{"line":76,"column":24},"end":{"line":80,"column":3}},"line":76},"7":{"name":"onClick","decl":{"start":{"line":178,"column":49},"end":{"line":178,"column":82}},"loc":{"start":{"line":178,"column":49},"end":{"line":178,"column":82}},"line":178}},"f":{"0":13,"1":13,"2":13,"3":14,"4":7,"5":0,"6":0,"7":0}}
}
